2025-11-16 18:27:00,518 [INFO] Activator:176 - 


2025-11-16 18:27:00,520 [INFO] Activator:177 - !SESSION log4j initialized
2025-11-16 18:27:01,299 [ERROR] LogOutputStream:75 - [STDERR_REDIRECT] 
2025-11-16 18:27:02,695 [INFO] LogOutputStream:77 - [STDOUT_REDIRECT] 
2025-11-16 18:27:04,898 [INFO] ApplicationProperties:184 - Using Application install path: /Applications/STM32CubeIDE.app/Contents/Eclipse/plugins/com.st.stm32cube.common.mx_6.15.0.202507011659
2025-11-16 18:27:04,914 [INFO] DbMcusXml:78 - Set database path to: /Applications/STM32CubeIDE.app/Contents/Eclipse/plugins/com.st.stm32cube.common.mx_6.15.0.202507011659//db//mcu/
2025-11-16 18:27:04,914 [INFO] ApiDb:274 - Set plugin database path to: /Applications/STM32CubeIDE.app/Contents/Eclipse/plugins/com.st.stm32cube.common.mx_6.15.0.202507011659//db//plugins/boardmanager/
2025-11-16 18:27:04,914 [WARN] ApiDb:259 - Overriding images path with different value:  => /Applications/STM32CubeIDE.app/Contents/Eclipse/plugins/com.st.stm32cube.common.mx_6.15.0.202507011659//db//plugins/mcufinder/images/
2025-11-16 18:27:04,919 [INFO] ApiDb:250 - Set database path to: /Users/min/.stmcufinder/plugins/mcufinder//mcu/
2025-11-16 18:27:04,920 [INFO] DbMcusAds:125 - Set database path to: /Users/min/.stmcufinder/plugins/mcufinder//mcu/
2025-11-16 18:27:04,923 [INFO] CrossReferenceDbSqlite:203 - Set database path to: /Users/min/.stmcufinder/plugins/mcufinder//mcu/cs/
2025-11-16 18:27:05,018 [INFO] RulesReader:64 - Compatibility file has been processed (317 Rules)
2025-11-16 18:27:05,066 [INFO] DbMcusXml:78 - Set database path to: /Applications/STM32CubeIDE.app/Contents/Eclipse/plugins/com.st.stm32cube.common.mx_6.15.0.202507011659//db//mcu/
2025-11-16 18:27:05,066 [INFO] ApiDb:274 - Set plugin database path to: /Applications/STM32CubeIDE.app/Contents/Eclipse/plugins/com.st.stm32cube.common.mx_6.15.0.202507011659//db//plugins/boardmanager/
2025-11-16 18:27:05,067 [INFO] ApiDb:261 - Set plugin images path to: /Applications/STM32CubeIDE.app/Contents/Eclipse/plugins/com.st.stm32cube.common.mx_6.15.0.202507011659//db//plugins/mcufinder/images/
2025-11-16 18:27:05,067 [WARN] DbFile:41 - Overriding database path with different value: /Users/min/.stmcufinder/plugins/mcufinder/ => /Users/min/.stmcufinder/plugins/mcufinder
2025-11-16 18:27:05,067 [INFO] ApiDb:250 - Set database path to: /Users/min/.stmcufinder/plugins/mcufinder//mcu/
2025-11-16 18:27:05,067 [WARN] DbFile:41 - Overriding database path with different value: /Users/min/.stmcufinder/plugins/mcufinder/ => /Users/min/.stmcufinder/plugins/mcufinder
2025-11-16 18:27:05,067 [INFO] DbMcusAds:125 - Set database path to: /Users/min/.stmcufinder/plugins/mcufinder//mcu/
2025-11-16 18:27:05,067 [WARN] DbFile:41 - Overriding database path with different value: /Users/min/.stmcufinder/plugins/mcufinder/ => /Users/min/.stmcufinder/plugins/mcufinder
2025-11-16 18:27:05,067 [WARN] DbFile:41 - Overriding database path with different value: /Users/min/.stmcufinder/plugins/mcufinder/ => /Users/min/.stmcufinder/plugins/mcufinder
2025-11-16 18:27:05,068 [INFO] CrossReferenceDbSqlite:203 - Set database path to: /Users/min/.stmcufinder/plugins/mcufinder//mcu/cs/
2025-11-16 18:27:05,136 [INFO] MainPanel:274 - HeapMemory: 268435456
2025-11-16 18:27:05,620 [INFO] DbMcusXml:78 - Set database path to: /Applications/STM32CubeIDE.app/Contents/Eclipse/plugins/com.st.stm32cube.common.mx_6.15.0.202507011659//db//mcu/
2025-11-16 18:27:05,621 [INFO] ApiDb:274 - Set plugin database path to: /Applications/STM32CubeIDE.app/Contents/Eclipse/plugins/com.st.stm32cube.common.mx_6.15.0.202507011659//db//plugins/boardmanager/
2025-11-16 18:27:05,621 [INFO] ApiDb:261 - Set plugin images path to: /Applications/STM32CubeIDE.app/Contents/Eclipse/plugins/com.st.stm32cube.common.mx_6.15.0.202507011659//db//plugins/mcufinder/images/
2025-11-16 18:27:05,621 [WARN] DbFile:41 - Overriding database path with different value: /Users/min/.stmcufinder/plugins/mcufinder/ => /Users/min/.stmcufinder/plugins/mcufinder
2025-11-16 18:27:05,621 [INFO] ApiDb:250 - Set database path to: /Users/min/.stmcufinder/plugins/mcufinder//mcu/
2025-11-16 18:27:05,621 [WARN] DbFile:41 - Overriding database path with different value: /Users/min/.stmcufinder/plugins/mcufinder/ => /Users/min/.stmcufinder/plugins/mcufinder
2025-11-16 18:27:05,621 [INFO] DbMcusAds:125 - Set database path to: /Users/min/.stmcufinder/plugins/mcufinder//mcu/
2025-11-16 18:27:05,621 [WARN] DbFile:41 - Overriding database path with different value: /Users/min/.stmcufinder/plugins/mcufinder/ => /Users/min/.stmcufinder/plugins/mcufinder
2025-11-16 18:27:05,621 [WARN] DbFile:41 - Overriding database path with different value: /Users/min/.stmcufinder/plugins/mcufinder/ => /Users/min/.stmcufinder/plugins/mcufinder
2025-11-16 18:27:05,621 [INFO] CrossReferenceDbSqlite:203 - Set database path to: /Users/min/.stmcufinder/plugins/mcufinder//mcu/cs/
2025-11-16 18:27:05,638 [INFO] ApplicationProperties:184 - Using Application install path: /Applications/STM32CubeIDE.app/Contents/Eclipse/plugins/com.st.stm32cube.common.mx_6.15.0.202507011659
2025-11-16 18:27:05,640 [INFO] PluginManage:196 - Search for loadable plugins [exclusion list=, ]
2025-11-16 18:27:05,641 [INFO] PluginManage:310 - Check plugin analytics
2025-11-16 18:27:05,809 [INFO] AnalyticsPlugin:253 - Accepted Software Licenses: 
2025-11-16 18:27:05,810 [INFO] AnalyticsPlugin:255 - Accepted CMSIS Pack Licenses: 
2025-11-16 18:27:05,810 [INFO] AnalyticsPlugin:257 - Accepted Firmware Licenses: FW.F4.1.28.0,FW.C0.1.4.0
2025-11-16 18:27:05,812 [INFO] PluginManage:359 - Loaded plugin analytics (category:tool,tabindex:-1)
2025-11-16 18:27:05,813 [INFO] PluginManage:310 - Check plugin cadmodel
2025-11-16 18:27:05,818 [INFO] CADModel:105 - Init CAD model plugin
2025-11-16 18:27:05,818 [INFO] PluginManage:359 - Loaded plugin cadmodel (category:power,tabindex:5)
2025-11-16 18:27:05,819 [INFO] PluginManage:310 - Check plugin clock
2025-11-16 18:27:05,849 [INFO] PluginManage:359 - Loaded plugin clock (category:base,tabindex:2)
2025-11-16 18:27:05,849 [INFO] PluginManage:310 - Check plugin ddr
2025-11-16 18:27:05,852 [INFO] PluginManage:359 - Loaded plugin ddr (category:tool,tabindex:6)
2025-11-16 18:27:05,852 [INFO] PluginManage:310 - Check plugin filemanager
2025-11-16 18:27:06,022 [INFO] PluginManage:359 - Loaded plugin filemanager (category:base,tabindex:10)
2025-11-16 18:27:06,022 [INFO] PluginManage:310 - Check plugin ipmanager
2025-11-16 18:27:06,028 [INFO] PluginManage:359 - Loaded plugin ipmanager (category:base,tabindex:5)
2025-11-16 18:27:06,029 [INFO] PluginManage:310 - Check plugin lpbam
2025-11-16 18:27:06,038 [INFO] PluginManage:359 - Loaded plugin lpbam (category:base,tabindex:0)
2025-11-16 18:27:06,038 [INFO] PluginManage:310 - Check plugin memorymap
2025-11-16 18:27:06,051 [INFO] PluginManage:359 - Loaded plugin memorymap (category:base,tabindex:4)
2025-11-16 18:27:06,051 [INFO] PluginManage:310 - Check plugin pinoutandconfiguration
2025-11-16 18:27:06,059 [INFO] PluginManage:359 - Loaded plugin pinoutandconfiguration (category:base,tabindex:1)
2025-11-16 18:27:06,060 [INFO] PluginManage:310 - Check plugin pinoutconfig
2025-11-16 18:27:06,136 [WARN] SupportedApi:132 - Cannot load RTOS API schema: s4s-elt-must-match.1: The content of 'definitions' must match (annotation?, (simpleType | complexType)?, (unique | key | keyref)*)). A problem was found starting at: attribute.
2025-11-16 18:27:06,240 [INFO] PluginManage:359 - Loaded plugin pinoutconfig (category:base,tabindex:0)
2025-11-16 18:27:06,240 [INFO] PluginManage:310 - Check plugin power
2025-11-16 18:27:06,248 [INFO] PluginManage:359 - Loaded plugin power (category:power,tabindex:4)
2025-11-16 18:27:06,248 [INFO] PluginManage:310 - Check plugin projectmanager
2025-11-16 18:27:06,260 [INFO] PluginManage:359 - Loaded plugin projectmanager (category:projectmanager,tabindex:4)
2025-11-16 18:27:06,260 [INFO] PluginManage:310 - Check plugin rif
2025-11-16 18:27:06,268 [INFO] PluginManage:359 - Loaded plugin rif (category:base,tabindex:3)
2025-11-16 18:27:06,268 [INFO] PluginManage:310 - Check plugin thirdparty
2025-11-16 18:27:06,378 [INFO] PluginManage:359 - Loaded plugin thirdparty (category:base,tabindex:-1)
2025-11-16 18:27:06,378 [WARN] IntegrityCheckThread:84 - waiting for thirdparty lock release [integrity check]
2025-11-16 18:27:06,379 [INFO] IntegrityCheckThread:86 - entering critical section [integrity check]
2025-11-16 18:27:06,379 [INFO] PluginManage:310 - Check plugin tools
2025-11-16 18:27:06,379 [INFO] ThirdPartyUpdaterWithRetryManager:70 - Updater plugin not ready yet. [1/15]
2025-11-16 18:27:06,380 [INFO] PluginManage:359 - Loaded plugin tools (category:base,tabindex:7)
2025-11-16 18:27:06,381 [INFO] PluginManage:310 - Check plugin tutovideos
2025-11-16 18:27:06,570 [INFO] PluginManage:359 - Loaded plugin tutovideos (category:base,tabindex:-1)
2025-11-16 18:27:06,570 [INFO] PluginManage:310 - Check plugin updater
2025-11-16 18:27:06,593 [INFO] PluginManage:359 - Loaded plugin updater (category:base,tabindex:12)
2025-11-16 18:27:06,593 [INFO] PluginManage:310 - Check plugin userauth
2025-11-16 18:27:06,599 [INFO] UserAuth:118 - Init User Auth plugin
2025-11-16 18:27:06,600 [INFO] PluginManage:359 - Loaded plugin userauth (category:base,tabindex:14)
2025-11-16 18:27:06,600 [INFO] PluginManage:283 - PluginManage : Loaded plugins [18]
2025-11-16 18:27:06,756 [INFO] PinOutPanel:1589 - setPackage(No Configuration,No Configuration)
2025-11-16 18:27:06,821 [INFO] CADModel:165 - CPN selected for project level
2025-11-16 18:27:06,821 [INFO] CADModel:114 - Register for checkConnection events
2025-11-16 18:27:06,832 [INFO] IPUIPlugin:80 - create IPUIPlugin
2025-11-16 18:27:06,832 [INFO] PluginManager:220 - loadIPPluginJar : add mdma
2025-11-16 18:27:06,839 [INFO] IPUIPlugin:80 - create IPUIPlugin
2025-11-16 18:27:06,839 [INFO] PluginManager:220 - loadIPPluginJar : add freertos
2025-11-16 18:27:06,844 [INFO] IPUIPlugin:80 - create IPUIPlugin
2025-11-16 18:27:06,844 [INFO] PluginManager:220 - loadIPPluginJar : add gic
2025-11-16 18:27:06,852 [INFO] IPUIPlugin:80 - create IPUIPlugin
2025-11-16 18:27:06,852 [INFO] PluginManager:220 - loadIPPluginJar : add adc
2025-11-16 18:27:06,855 [INFO] IPUIPlugin:80 - create IPUIPlugin
2025-11-16 18:27:06,855 [INFO] PluginManager:220 - loadIPPluginJar : add gtzc
2025-11-16 18:27:06,856 [INFO] IPUIPlugin:80 - create IPUIPlugin
2025-11-16 18:27:06,856 [INFO] PluginManager:220 - loadIPPluginJar : add quadspi
2025-11-16 18:27:06,858 [INFO] IPUIPlugin:80 - create IPUIPlugin
2025-11-16 18:27:06,858 [INFO] PluginManager:220 - loadIPPluginJar : add aes
2025-11-16 18:27:06,860 [INFO] IPUIPlugin:80 - create IPUIPlugin
2025-11-16 18:27:06,860 [INFO] PluginManager:220 - loadIPPluginJar : add pdm2pcm
2025-11-16 18:27:06,862 [INFO] IPUIPlugin:80 - create IPUIPlugin
2025-11-16 18:27:06,862 [INFO] PluginManager:220 - loadIPPluginJar : add hash
2025-11-16 18:27:06,863 [INFO] IPUIPlugin:80 - create IPUIPlugin
2025-11-16 18:27:06,863 [INFO] PluginManager:220 - loadIPPluginJar : add tim
2025-11-16 18:27:06,864 [INFO] IPUIPlugin:80 - create IPUIPlugin
2025-11-16 18:27:06,865 [INFO] PluginManager:220 - loadIPPluginJar : add tsc
2025-11-16 18:27:06,867 [INFO] IPUIPlugin:80 - create IPUIPlugin
2025-11-16 18:27:06,867 [INFO] PluginManager:220 - loadIPPluginJar : add extmemmanager
2025-11-16 18:27:06,868 [INFO] IPUIPlugin:80 - create IPUIPlugin
2025-11-16 18:27:06,868 [INFO] PluginManager:220 - loadIPPluginJar : add ts
2025-11-16 18:27:06,870 [INFO] IPUIPlugin:80 - create IPUIPlugin
2025-11-16 18:27:06,870 [INFO] PluginManager:220 - loadIPPluginJar : add radio
2025-11-16 18:27:06,872 [INFO] IPUIPlugin:80 - create IPUIPlugin
2025-11-16 18:27:06,872 [INFO] PluginManager:220 - loadIPPluginJar : add can
2025-11-16 18:27:06,873 [INFO] IPUIPlugin:80 - create IPUIPlugin
2025-11-16 18:27:06,874 [INFO] PluginManager:220 - loadIPPluginJar : add dma3
2025-11-16 18:27:06,875 [INFO] IPUIPlugin:80 - create IPUIPlugin
2025-11-16 18:27:06,875 [INFO] PluginManager:220 - loadIPPluginJar : add dfsdm
2025-11-16 18:27:06,876 [INFO] IPUIPlugin:80 - create IPUIPlugin
2025-11-16 18:27:06,876 [INFO] PluginManager:220 - loadIPPluginJar : add spi
2025-11-16 18:27:06,878 [INFO] IPUIPlugin:80 - create IPUIPlugin
2025-11-16 18:27:06,878 [INFO] PluginManager:220 - loadIPPluginJar : add gfxmmu
2025-11-16 18:27:06,879 [INFO] IPUIPlugin:80 - create IPUIPlugin
2025-11-16 18:27:06,879 [INFO] PluginManager:220 - loadIPPluginJar : add genericplugin
2025-11-16 18:27:06,881 [INFO] IPUIPlugin:80 - create IPUIPlugin
2025-11-16 18:27:06,881 [INFO] PluginManager:220 - loadIPPluginJar : add cryp
2025-11-16 18:27:06,884 [INFO] IPUIPlugin:80 - create IPUIPlugin
2025-11-16 18:27:06,884 [INFO] PluginManager:220 - loadIPPluginJar : add gpio
2025-11-16 18:27:06,886 [INFO] IPUIPlugin:80 - create IPUIPlugin
2025-11-16 18:27:06,887 [INFO] PluginManager:220 - loadIPPluginJar : add ddr_ctrl_phy
2025-11-16 18:27:06,888 [INFO] IPUIPlugin:80 - create IPUIPlugin
2025-11-16 18:27:06,888 [INFO] PluginManager:220 - loadIPPluginJar : add comp
2025-11-16 18:27:06,890 [INFO] IPUIPlugin:80 - create IPUIPlugin
2025-11-16 18:27:06,890 [INFO] PluginManager:220 - loadIPPluginJar : add tracer_emb
2025-11-16 18:27:06,892 [INFO] IPUIPlugin:80 - create IPUIPlugin
2025-11-16 18:27:06,893 [INFO] PluginManager:220 - loadIPPluginJar : add openamp
2025-11-16 18:27:06,897 [INFO] IPUIPlugin:80 - create IPUIPlugin
2025-11-16 18:27:06,897 [INFO] PluginManager:220 - loadIPPluginJar : add stm32_wpan
2025-11-16 18:27:06,901 [INFO] IPUIPlugin:80 - create IPUIPlugin
2025-11-16 18:27:06,903 [INFO] PluginManager:220 - loadIPPluginJar : add plateformsettings
2025-11-16 18:27:06,906 [INFO] IPUIPlugin:80 - create IPUIPlugin
2025-11-16 18:27:06,906 [INFO] PluginManager:220 - loadIPPluginJar : add ipddr
2025-11-16 18:27:06,908 [INFO] IPUIPlugin:80 - create IPUIPlugin
2025-11-16 18:27:06,908 [INFO] PluginManager:220 - loadIPPluginJar : add usart
2025-11-16 18:27:06,909 [INFO] IPUIPlugin:80 - create IPUIPlugin
2025-11-16 18:27:06,909 [INFO] PluginManager:220 - loadIPPluginJar : add ltdc
2025-11-16 18:27:06,912 [INFO] IPUIPlugin:80 - create IPUIPlugin
2025-11-16 18:27:06,912 [INFO] PluginManager:220 - loadIPPluginJar : add nvic
2025-11-16 18:27:06,913 [INFO] IPUIPlugin:80 - create IPUIPlugin
2025-11-16 18:27:06,913 [INFO] PluginManager:220 - loadIPPluginJar : add fatfs
2025-11-16 18:27:06,919 [INFO] IPUIPlugin:80 - create IPUIPlugin
2025-11-16 18:27:06,919 [INFO] PluginManager:220 - loadIPPluginJar : add linkedlist
2025-11-16 18:27:06,923 [INFO] IPUIPlugin:80 - create IPUIPlugin
2025-11-16 18:27:06,924 [INFO] PluginManager:220 - loadIPPluginJar : add dma
2025-11-16 18:27:06,927 [INFO] IPUIPlugin:80 - create IPUIPlugin
2025-11-16 18:27:06,927 [INFO] PluginManager:220 - loadIPPluginJar : add fmc
2025-11-16 18:27:06,928 [INFO] IPUIPlugin:80 - create IPUIPlugin
2025-11-16 18:27:06,928 [INFO] PluginManager:220 - loadIPPluginJar : add i2s
2025-11-16 18:27:06,929 [INFO] IPUIPlugin:80 - create IPUIPlugin
2025-11-16 18:27:06,930 [INFO] PluginManager:220 - loadIPPluginJar : add ucpd
2025-11-16 18:27:06,931 [INFO] IPUIPlugin:80 - create IPUIPlugin
2025-11-16 18:27:06,931 [INFO] PluginManager:220 - loadIPPluginJar : add lorawan
2025-11-16 18:27:06,933 [INFO] IPUIPlugin:80 - create IPUIPlugin
2025-11-16 18:27:06,933 [INFO] PluginManager:220 - loadIPPluginJar : add opamp
2025-11-16 18:27:06,935 [INFO] IPUIPlugin:80 - create IPUIPlugin
2025-11-16 18:27:06,935 [INFO] PluginManager:220 - loadIPPluginJar : add i3c
2025-11-16 18:27:06,938 [INFO] IPUIPlugin:80 - create IPUIPlugin
2025-11-16 18:27:06,938 [INFO] PluginManager:220 - loadIPPluginJar : add touchsensing
2025-11-16 18:27:06,940 [INFO] IPUIPlugin:80 - create IPUIPlugin
2025-11-16 18:27:06,940 [INFO] PluginManager:220 - loadIPPluginJar : add i2c
2025-11-16 18:27:06,943 [INFO] IPUIPlugin:80 - create IPUIPlugin
2025-11-16 18:27:06,943 [INFO] PluginManager:220 - loadIPPluginJar : add resmgrutility
2025-11-16 18:27:06,945 [INFO] IPUIPlugin:80 - create IPUIPlugin
2025-11-16 18:27:06,945 [INFO] PluginManager:220 - loadIPPluginJar : add sai
2025-11-16 18:27:06,947 [INFO] IPUIPlugin:80 - create IPUIPlugin
2025-11-16 18:27:06,947 [INFO] PluginManager:220 - loadIPPluginJar : add usbx
2025-11-16 18:27:07,046 [FATAL] Updater:351 - Updater called before beeing initialized
2025-11-16 18:27:07,074 [INFO] RulesReader:64 - Compatibility file has been processed (317 Rules)
2025-11-16 18:27:07,087 [INFO] RulesReader:64 - Compatibility file has been processed (317 Rules)
2025-11-16 18:27:07,096 [INFO] CADModel:165 - CPN selected for project level
2025-11-16 18:27:07,096 [INFO] CADModel:114 - Register for checkConnection events
2025-11-16 18:27:07,096 [FATAL] Updater:351 - Updater called before beeing initialized
2025-11-16 18:27:07,096 [ERROR] CADModel:125 - Updater not yet initialized, retry later 
2025-11-16 18:27:07,260 [FATAL] Updater:351 - Updater called before beeing initialized
2025-11-16 18:27:07,262 [INFO] CADModel:165 - CPN selected for project level
2025-11-16 18:27:07,262 [INFO] CADModel:114 - Register for checkConnection events
2025-11-16 18:27:07,262 [FATAL] Updater:351 - Updater called before beeing initialized
2025-11-16 18:27:07,262 [ERROR] CADModel:125 - Updater not yet initialized, retry later 
2025-11-16 18:27:07,265 [FATAL] Updater:351 - Updater called before beeing initialized
2025-11-16 18:27:07,346 [FATAL] Updater:351 - Updater called before beeing initialized
2025-11-16 18:27:07,350 [INFO] DbMcusAds:53 - JSON generation date=Mon Nov 10 19:43:01 KST 2025 (1762771381096)
2025-11-16 18:27:07,351 [FATAL] Updater:351 - Updater called before beeing initialized
2025-11-16 18:27:07,379 [INFO] McuFinderGlobals:63 - Set McuFinder mode to 2 (CubeIDE integrated)
2025-11-16 18:27:07,415 [WARN] DetailPanel:346 - Failed to get advertising image, set to default
2025-11-16 18:27:07,490 [FATAL] Updater:351 - Updater called before beeing initialized
2025-11-16 18:27:07,491 [FATAL] Updater:351 - Updater called before beeing initialized
2025-11-16 18:27:07,491 [FATAL] Updater:351 - Updater called before beeing initialized
2025-11-16 18:27:07,491 [WARN] DetailPanel:346 - Failed to get advertising image, set to default
2025-11-16 18:27:07,492 [FATAL] Updater:351 - Updater called before beeing initialized
2025-11-16 18:27:07,521 [ERROR] Updater:1198 - MainUpdater not yet initialized. External WinMGr cannot be set.
2025-11-16 18:27:07,523 [INFO] Updater:1134 - Updater Version found : 6.15.0
2025-11-16 18:27:07,537 [INFO] ApplicationProperties:184 - Using Application install path: /Applications/STM32CubeIDE.app/Contents/Eclipse/plugins/com.st.stm32cube.common.mx_6.15.0.202507011659
2025-11-16 18:27:09,388 [INFO] ThirdPartyUpdaterWithRetryManager:70 - Updater plugin not ready yet. [2/15]
2025-11-16 18:27:12,397 [FATAL] Updater:351 - Updater called before beeing initialized
2025-11-16 18:27:12,398 [ERROR] IntegrityCheckThread:130 - Cannot retrieve database content from updater: error 21
2025-11-16 18:27:12,398 [INFO] ThirdParty:978 - Integrity check success = false
2025-11-16 18:27:12,398 [INFO] IntegrityCheckThread:100 - exiting critical section [integrity check]
2025-11-16 18:27:12,398 [INFO] IntegrityCheckThread:103 - End integrity checks thread
